<?xml version="1.0" encoding="UTF-8"?>
<!-- Generated by org.testng.reporters.JUnitReportReporter -->
<testsuite hostname="Andrews-MacBook-Air.local" failures="0" tests="1" name="tests.LoginTest" time="3.320" errors="0" timestamp="2025-04-11T00:20:15 IST" skipped="0">
  <testcase classname="tests.LoginTest" name="testValidLogin" time="3.320"/>
</testsuite> <!-- tests.LoginTest -->
